
> creatorcircles-frontend@0.1.0 dev
> next dev -p 3001

- ready started server on 0.0.0.0:3001, url: http://localhost:3001
- [36minfo[39m Loaded env from /home/jistriane/Documentos/Projetos/CreatorCircles/packages/frontend/.env
- [33mwarn[39m Invalid next.config.js options detected: 
- [33mwarn[39m     The root value has an unexpected property, server, which is not in the list of allowed properties (amp, analyticsId, assetPrefix, basePath, cleanDistDir, compiler, compress, configOrigin, crossOrigin, devIndicators, distDir, env, eslint, excludeDefaultMomentLocales, experimental, exportPathMap, generateBuildId, generateEtags, headers, httpAgentOptions, i18n, images, modularizeImports, onDemandEntries, optimizeFonts, output, outputFileTracing, pageExtensions, poweredByHeader, productionBrowserSourceMaps, publicRuntimeConfig, reactStrictMode, redirects, rewrites, sassOptions, serverRuntimeConfig, skipMiddlewareUrlNormalize, skipTrailingSlashRedirect, staticPageGenerationTimeout, swcMinify, target, trailingSlash, transpilePackages, typescript, useFileSystemPublicRoutes, webpack).
- [33mwarn[39m See more info here: https://nextjs.org/docs/messages/invalid-next-config
npm error code ENOWORKSPACES
npm error This command does not support workspaces.
npm error A complete log of this run can be found in: /home/jistriane/.npm/_logs/2025-11-17T02_28_02_519Z-debug-0.log
- [35mevent[39m compiled client and server successfully in 690 ms (18 modules)
- [36mwait[39m compiling...
(node:23900) [DEP0060] DeprecationWarning: The `util._extend` API is deprecated. Please use Object.assign() instead.
(Use `node --trace-deprecation ...` to show where the warning was created)
- [35mevent[39m compiled client and server successfully in 687 ms (18 modules)
- [36mwait[39m compiling / (client and server)...
- [35mevent[39m compiled client and server successfully in 798 ms (206 modules)
- [36mwait[39m compiling /_error (client and server)...
- [35mevent[39m compiled client and server successfully in 295 ms (208 modules)
- [33mwarn[39m Fast Refresh had to perform a full reload. Read more: https://nextjs.org/docs/messages/fast-refresh-reload
- [36mwait[39m compiling /dashboard (client and server)...
- [35mevent[39m compiled client and server successfully in 207 ms (212 modules)
- [36mwait[39m compiling /governanca...
- [35mevent[39m compiled client and server successfully in 186 ms (216 modules)
- [36mwait[39m compiling...
- [35mevent[39m compiled client and server successfully in 150 ms (206 modules)
- [36mwait[39m compiling...
- [35mevent[39m compiled client and server successfully in 1435 ms (206 modules)
- [36mwait[39m compiling...
- [35mevent[39m compiled client and server successfully in 349 ms (206 modules)
- [36mwait[39m compiling /dashboard...
- [35mevent[39m compiled client and server successfully in 108 ms (210 modules)
- [36mwait[39m compiling /_error (client and server)...
- [35mevent[39m compiled client and server successfully in 436 ms (212 modules)
SyntaxError: /home/jistriane/Documentos/Projetos/CreatorCircles/packages/frontend/.next/server/next-font-manifest.json: Unexpected end of JSON input
    at parse (<anonymous>)
[90m    at Object..json (node:internal/modules/cjs/loader:1905:39)[39m
[90m    at Module.load (node:internal/modules/cjs/loader:1481:32)[39m
[90m    at Module._load (node:internal/modules/cjs/loader:1300:12)[39m
[90m    at TracingChannel.traceSync (node:diagnostics_channel:328:14)[39m
[90m    at wrapModuleLoad (node:internal/modules/cjs/loader:245:24)[39m
[90m    at Module.require (node:internal/modules/cjs/loader:1504:12)[39m
[90m    at require (node:internal/modules/helpers:152:16)[39m
    at DevServer.getNextFontManifest (/home/jistriane/Documentos/Projetos/CreatorCircles/node_modules/[4mnext[24m/dist/server/next-server.js:812:16)
    at DevServer.findPageComponents (/home/jistriane/Documentos/Projetos/CreatorCircles/node_modules/[4mnext[24m/dist/server/dev/next-dev-server.js:1260:43)
[90m    at process.processTicksAndRejections (node:internal/process/task_queues:103:5)[39m
    at async DevServer.renderErrorToResponseImpl (/home/jistriane/Documentos/Projetos/CreatorCircles/node_modules/[4mnext[24m/dist/server/base-server.js:1534:26)
    at async DevServer.pipeImpl (/home/jistriane/Documentos/Projetos/CreatorCircles/node_modules/[4mnext[24m/dist/server/base-server.js:641:25)
    at async Object.fn (/home/jistriane/Documentos/Projetos/CreatorCircles/node_modules/[4mnext[24m/dist/server/next-server.js:1156:21)
    at async Router.execute (/home/jistriane/Documentos/Projetos/CreatorCircles/node_modules/[4mnext[24m/dist/server/router.js:315:32)
    at async DevServer.runImpl (/home/jistriane/Documentos/Projetos/CreatorCircles/node_modules/[4mnext[24m/dist/server/base-server.js:615:29)
    at async DevServer.run (/home/jistriane/Documentos/Projetos/CreatorCircles/node_modules/[4mnext[24m/dist/server/dev/next-dev-server.js:897:20)
    at async DevServer.handleRequestImpl (/home/jistriane/Documentos/Projetos/CreatorCircles/node_modules/[4mnext[24m/dist/server/base-server.js:546:20)
- [36mwait[39m compiling...
- [35mevent[39m compiled client and server successfully in 1034 ms (206 modules)
- [36mwait[39m compiling...
- [35mevent[39m compiled client and server successfully in 440 ms (206 modules)
- [36mwait[39m compiling...
- [36mwait[39m compiling /_error (client and server)...
- [35mevent[39m compiled client and server successfully in 938 ms (208 modules)
- [36mwait[39m compiling...
- [35mevent[39m compiled client and server successfully in 298 ms (208 modules)
- [36mwait[39m compiling...
- [35mevent[39m compiled client and server successfully in 1189 ms (206 modules)
- [36mwait[39m compiling...
- [35mevent[39m compiled client and server successfully in 1024 ms (206 modules)
- [36mwait[39m compiling...
- [35mevent[39m compiled client and server successfully in 265 ms (206 modules)
- [36mwait[39m compiling...
- [35mevent[39m compiled client and server successfully in 215 ms (206 modules)
- [36mwait[39m compiling...
- [35mevent[39m compiled client and server successfully in 298 ms (206 modules)
- [36mwait[39m compiling /dashboard...
- [35mevent[39m compiled client and server successfully in 207 ms (210 modules)
- [36mwait[39m compiling /_error (client and server)...
- [35mevent[39m compiled client and server successfully in 330 ms (212 modules)
- [36mwait[39m compiling...
- [35mevent[39m compiled client and server successfully in 460 ms (212 modules)
